<?xml version="1.0" encoding="UTF-8"?>
<coverage generated="1668810603425" clover="3.2.0">
  <project timestamp="1668810603425" name="All files">
    <metrics statements="15" coveredstatements="12" conditionals="0" coveredconditionals="0" methods="2" coveredmethods="1" elements="17" coveredelements="13" complexity="0" loc="15" ncloc="15" packages="1" files="1" classes="1">
      <file name="user.js" path="/home/amir/NodeJs/vidly/models/user.js">
        <metrics statements="15" coveredstatements="12" conditionals="0" coveredconditionals="0" methods="2" coveredmethods="1"/>
        <line num="1" count="1" type="stmt"/>
        <line num="2" count="1" type="stmt"/>
        <line num="3" count="1" type="stmt"/>
        <line num="4" count="1" type="stmt"/>
        <line num="6" count="1" type="stmt"/>
        <line num="29" count="1" type="stmt"/>
        <line num="30" count="1" type="stmt"/>
        <line num="34" count="1" type="stmt"/>
        <line num="37" count="1" type="stmt"/>
        <line num="39" count="1" type="stmt"/>
        <line num="40" count="0" type="stmt"/>
        <line num="47" count="0" type="stmt"/>
        <line num="48" count="0" type="stmt"/>
        <line num="51" count="1" type="stmt"/>
        <line num="52" count="1" type="stmt"/>
      </file>
    </metrics>
  </project>
</coverage>
