{"/home/amir/NodeJs/vidly/models/user.js": {"path":"/home/amir/NodeJs/vidly/models/user.js","statementMap":{"0":{"start":{"line":1,"column":15},"end":{"line":1,"column":32}},"1":{"start":{"line":2,"column":12},"end":{"line":2,"column":35}},"2":{"start":{"line":3,"column":17},"end":{"line":3,"column":36}},"3":{"start":{"line":4,"column":12},"end":{"line":4,"column":26}},"4":{"start":{"line":6,"column":19},"end":{"line":27,"column":2}},"5":{"start":{"line":29,"column":0},"end":{"line":35,"column":2}},"6":{"start":{"line":30,"column":16},"end":{"line":33,"column":3}},"7":{"start":{"line":34,"column":2},"end":{"line":34,"column":15}},"8":{"start":{"line":37,"column":13},"end":{"line":37,"column":51}},"9":{"start":{"line":39,"column":21},"end":{"line":49,"column":1}},"10":{"start":{"line":40,"column":17},"end":{"line":45,"column":4}},"11":{"start":{"line":47,"column":17},"end":{"line":47,"column":38}},"12":{"start":{"line":48,"column":2},"end":{"line":48,"column":16}},"13":{"start":{"line":51,"column":0},"end":{"line":51,"column":20}},"14":{"start":{"line":52,"column":0},"end":{"line":52,"column":32}}},"fnMap":{"0":{"name":"(anonymous_0)","decl":{"start":{"line":29,"column":39},"end":{"line":29,"column":40}},"loc":{"start":{"line":29,"column":51},"end":{"line":35,"column":1}},"line":29},"1":{"name":"(anonymous_1)","decl":{"start":{"line":39,"column":21},"end":{"line":39,"column":22}},"loc":{"start":{"line":39,"column":31},"end":{"line":49,"column":1}},"line":39}},"branchMap":{},"s":{"0":1,"1":1,"2":1,"3":1,"4":1,"5":1,"6":1,"7":1,"8":1,"9":1,"10":0,"11":0,"12":0,"13":1,"14":1},"f":{"0":1,"1":0},"b":{},"_coverageSchema":"332fd63041d2c1bcb487cc26dd0d5f7d97098a6c","hash":"cd0a35f1c3580e6a780d9ff0faa75bb9a944bc51"}
}
